<?xml version="1.0" encoding="UTF-8"?>
<!-- Generated by org.testng.reporters.JUnitXMLReporter -->
<testsuite hostname="BaharUddin" name="reservFlight" tests="4" failures="1" timestamp="26 Jan 2017 09:30:31 GMT" time="16.56" errors="0">
  <testcase name="checkTitle" time="11.241" classname="com.bahar.automation.test.HomeTest"/>
  <testcase name="checkMenu" time="0.43" classname="com.bahar.automation.test.HomeTest"/>
  <testcase name="checkLogin" time="2.987" classname="com.bahar.automation.test.HomeTest"/>
  <testcase name="checkTitle" time="0.022" classname="com.bahar.automation.test.FindFlightTest">
    <failure type="java.lang.AssertionError" message="expected [Find a Flight: Mercury Tours:] but found [How to change your default browser in Windows 10 | Firefox Help]">
      <![CDATA[java.lang.AssertionError: expected [Find a Flight: Mercury Tours:] but found [How to change your default browser in Windows 10 | Firefox Help]
	at com.bahar.automation.test.FindFlightTest.checkTitle(FindFlightTest.java:17)
... Removed 29 stack frames]]>
    </failure>
  </testcase> <!-- checkTitle -->
</testsuite> <!-- reservFlight -->
