<!DOCTYPE html>

<html>
  <head>
  <title>TestNG reports</title>

    <link type="text/css" href="testng-reports.css" rel="stylesheet" />  
    <script type="text/javascript" src="jquery-1.7.1.min.js"></script>
    <script type="text/javascript" src="testng-reports.js"></script>
    <script type="text/javascript" src="https://www.google.com/jsapi"></script>
    <script type='text/javascript'>
      google.load('visualization', '1', {packages:['table']});
      google.setOnLoadCallback(drawTable);
      var suiteTableInitFunctions = new Array();
      var suiteTableData = new Array();
    </script>
    <!--
      <script type="text/javascript" src="jquery-ui/js/jquery-ui-1.8.16.custom.min.js"></script>
     -->
  </head>

  <body>
    <div class="top-banner-root">
      <span class="top-banner-title-font">Test results</span>
      <br/>
      <span class="top-banner-font-1">1 suite, 1 failed test</span>
    </div> <!-- top-banner-root -->
    <div class="navigator-root">
      <div class="navigator-suite-header">
        <span>All suites</span>
        <a href="#" class="collapse-all-link" title="Collapse/expand all the suites">
          <img class="collapse-all-icon" src="collapseall.gif">
          </img> <!-- collapse-all-icon -->
        </a> <!-- collapse-all-link -->
      </div> <!-- navigator-suite-header -->
      <div class="suite">
        <div class="rounded-window">
          <div class="suite-header light-rounded-window-top">
            <a href="#" class="navigator-link" panel-name="suite-Suite1">
              <span class="suite-name border-failed">Suite1</span>
            </a> <!-- navigator-link -->
          </div> <!-- suite-header light-rounded-window-top -->
          <div class="navigator-suite-content">
            <div class="suite-section-title">
              <span>Info</span>
            </div> <!-- suite-section-title -->
            <div class="suite-section-content">
              <ul>
                <li>
                  <a href="#" class="navigator-link " panel-name="test-xml-Suite1">
                    <span>D:\Dev\automation-selenium\src\main\java\suite.xml</span>
                  </a> <!-- navigator-link  -->
                </li>
                <li>
                  <a href="#" class="navigator-link " panel-name="testlist-Suite1">
                    <span class="test-stats">1 test</span>
                  </a> <!-- navigator-link  -->
                </li>
                <li>
                  <a href="#" class="navigator-link " panel-name="group-Suite1">
                    <span>0 groups</span>
                  </a> <!-- navigator-link  -->
                </li>
                <li>
                  <a href="#" class="navigator-link " panel-name="times-Suite1">
                    <span>Times</span>
                  </a> <!-- navigator-link  -->
                </li>
                <li>
                  <a href="#" class="navigator-link " panel-name="reporter-Suite1">
                    <span>Reporter output</span>
                  </a> <!-- navigator-link  -->
                </li>
                <li>
                  <a href="#" class="navigator-link " panel-name="ignored-methods-Suite1">
                    <span>Ignored methods</span>
                  </a> <!-- navigator-link  -->
                </li>
                <li>
                  <a href="#" class="navigator-link " panel-name="chronological-Suite1">
                    <span>Chronological view</span>
                  </a> <!-- navigator-link  -->
                </li>
              </ul>
            </div> <!-- suite-section-content -->
            <div class="result-section">
              <div class="suite-section-title">
                <span>Results</span>
              </div> <!-- suite-section-title -->
              <div class="suite-section-content">
                <ul>
                  <li>
                    <span class="method-stats">9 methods, 1 failed,   8 passed</span>
                  </li>
                  <li>
                    <span class="method-list-title failed">Failed methods</span>
                    <span class="show-or-hide-methods failed">
                      <a href="#" panel-name="suite-Suite1" class="hide-methods failed suite-Suite1"> (hide)</a> <!-- hide-methods failed suite-Suite1 -->
                      <a href="#" panel-name="suite-Suite1" class="show-methods failed suite-Suite1"> (show)</a> <!-- show-methods failed suite-Suite1 -->
                    </span>
                    <div class="method-list-content failed suite-Suite1">
                      <span>
                        <img width="3%" src="failed.png"/>
                        <a href="#" class="method navigator-link" panel-name="suite-Suite1" title="com.bahar.automation.test.SelectFlightTest" hash-for-method="selectFlightDetails">selectFlightDetails</a> <!-- method navigator-link -->
                      </span>
                      <br/>
                    </div> <!-- method-list-content failed suite-Suite1 -->
                  </li>
                  <li>
                    <span class="method-list-title passed">Passed methods</span>
                    <span class="show-or-hide-methods passed">
                      <a href="#" panel-name="suite-Suite1" class="hide-methods passed suite-Suite1"> (hide)</a> <!-- hide-methods passed suite-Suite1 -->
                      <a href="#" panel-name="suite-Suite1" class="show-methods passed suite-Suite1"> (show)</a> <!-- show-methods passed suite-Suite1 -->
                    </span>
                    <div class="method-list-content passed suite-Suite1">
                      <span>
                        <img width="3%" src="passed.png"/>
                        <a href="#" class="method navigator-link" panel-name="suite-Suite1" title="com.bahar.automation.test.BookFlightTest" hash-for-method="checkBookFlightDetails([Passenger [firstName=ruhan, lastName=uddin, meal=null, card=CreditCard [cardType=null, number=1.234...)">checkBookFlightDetails([Passenger [firstName=ruhan, lastName=uddin, meal=null, card=CreditCard [cardType=null, number=1.234...)</a> <!-- method navigator-link -->
                      </span>
                      <br/>
                      <span>
                        <img width="3%" src="passed.png"/>
                        <a href="#" class="method navigator-link" panel-name="suite-Suite1" title="com.bahar.automation.test.FindFlightTest" hash-for-method="checkFlightDetails">checkFlightDetails</a> <!-- method navigator-link -->
                      </span>
                      <br/>
                      <span>
                        <img width="3%" src="passed.png"/>
                        <a href="#" class="method navigator-link" panel-name="suite-Suite1" title="com.bahar.automation.test.HomeTest" hash-for-method="checkLogin([Login [userName=demo, password=demo]])">checkLogin([Login [userName=demo, password=demo]])</a> <!-- method navigator-link -->
                      </span>
                      <br/>
                      <span>
                        <img width="3%" src="passed.png"/>
                        <a href="#" class="method navigator-link" panel-name="suite-Suite1" title="com.bahar.automation.test.HomeTest" hash-for-method="checkMenu">checkMenu</a> <!-- method navigator-link -->
                      </span>
                      <br/>
                      <span>
                        <img width="3%" src="passed.png"/>
                        <a href="#" class="method navigator-link" panel-name="suite-Suite1" title="com.bahar.automation.test.SelectFlightTest" hash-for-method="checkTitle">checkTitle</a> <!-- method navigator-link -->
                      </span>
                      <br/>
                      <span>
                        <img width="3%" src="passed.png"/>
                        <a href="#" class="method navigator-link" panel-name="suite-Suite1" title="com.bahar.automation.test.BookFlightTest" hash-for-method="checkTitle">checkTitle</a> <!-- method navigator-link -->
                      </span>
                      <br/>
                      <span>
                        <img width="3%" src="passed.png"/>
                        <a href="#" class="method navigator-link" panel-name="suite-Suite1" title="com.bahar.automation.test.HomeTest" hash-for-method="checkTitle">checkTitle</a> <!-- method navigator-link -->
                      </span>
                      <br/>
                      <span>
                        <img width="3%" src="passed.png"/>
                        <a href="#" class="method navigator-link" panel-name="suite-Suite1" title="com.bahar.automation.test.FindFlightTest" hash-for-method="checkTitle">checkTitle</a> <!-- method navigator-link -->
                      </span>
                      <br/>
                    </div> <!-- method-list-content passed suite-Suite1 -->
                  </li>
                </ul>
              </div> <!-- suite-section-content -->
            </div> <!-- result-section -->
          </div> <!-- navigator-suite-content -->
        </div> <!-- rounded-window -->
      </div> <!-- suite -->
    </div> <!-- navigator-root -->
    <div class="wrapper">
      <div class="main-panel-root">
        <div panel-name="suite-Suite1" class="panel Suite1">
          <div class="suite-Suite1-class-failed">
            <div class="main-panel-header rounded-window-top">
              <img src="failed.png"/>
              <span class="class-name">com.bahar.automation.test.SelectFlightTest</span>
            </div> <!-- main-panel-header rounded-window-top -->
            <div class="main-panel-content rounded-window-bottom">
              <div class="method">
                <div class="method-content">
                  <a name="selectFlightDetails">
                  </a> <!-- selectFlightDetails -->
                  <span class="method-name">selectFlightDetails</span>
                  <div class="stack-trace"><b>"org.openqa.selenium.NoSuchElementException: Unable to locate element: /html/body/div/table/tbody/tr/td[2]/table/tbody/tr[4]/td/table/tbody/tr/td[2]/table/tbody/tr[5]/td/form/p/input
For documentation on this error, please visit: http://seleniumhq.org/exceptions/no_such_element.html
Build info: version: &apos;3.0.1&apos;, revision: &apos;1969d75&apos;, time: &apos;2016-10-18 09:49:13 -0700&apos;
System info: host: &apos;BaharUddin&apos;, ip: &apos;192.168.1.41&apos;, os.name: &apos;Windows 8.1&apos;, os.arch: &apos;amd64&apos;, os.version: &apos;6.3&apos;, java.version: &apos;1.8.0_51&apos;
Driver info: org.openqa.selenium.firefox.FirefoxDriver
Capabilities [{rotatable=false, raisesAccessibilityExceptions=false, marionette=true, firefoxOptions={args=[], prefs={}}, appBuildId=20160922113459, moz:firefoxOptions={args=[], prefs={}}, version=, platform=XP, proxy={}, command_id=1, specificationLevel=0, acceptSslCerts=false, processId=7384, browserVersion=49.0.1, platformVersion=10.0, XULappId={ec8030f7-c20a-464f-9b0e-13a3a9e97384}, browserName=firefox, takesScreenshot=true, takesElementScreenshot=true, platformName=windows_nt, device=desktop}]
Session ID: 9a5de81e-a685-4ab6-900a-83eff3700498
*** Element info: {Using=xpath, value=/html/body/div/table/tbody/tr/td[2]/table/tbody/tr[4]/td/table/tbody/tr/td[2]/table/tbody/tr[5]/td/form/p/input}
	at org.openqa.selenium.remote.http.W3CHttpResponseCodec.createException(W3CHttpResponseCodec.java:127)
	at org.openqa.selenium.remote.http.W3CHttpResponseCodec.decode(W3CHttpResponseCodec.java:93)
	at org.openqa.selenium.remote.http.W3CHttpResponseCodec.decode(W3CHttpResponseCodec.java:42)
	at org.openqa.selenium.remote.HttpCommandExecutor.execute(HttpCommandExecutor.java:163)
	at org.openqa.selenium.remote.service.DriverCommandExecutor.execute(DriverCommandExecutor.java:82)
	at org.openqa.selenium.remote.RemoteWebDriver.execute(RemoteWebDriver.java:601)
	at org.openqa.selenium.remote.RemoteWebDriver.findElement(RemoteWebDriver.java:368)
	at org.openqa.selenium.remote.RemoteWebDriver.findElementByXPath(RemoteWebDriver.java:473)
	at org.openqa.selenium.By$ByXPath.findElement(By.java:361)
	at org.openqa.selenium.remote.RemoteWebDriver.findElement(RemoteWebDriver.java:360)
	at com.bahar.automation.test.SelectFlightTest.selectFlightDetails(SelectFlightTest.java:29)
... Removed 28 stack frames<br/> org.openqa.selenium.NoSuchElementException: Unable to locate element: /html/body/div/table/tbody/tr/td[2]/table/tbody/tr[4]/td/table/tbody/tr/td[2]/table/tbody/tr[5]/td/form/p/input
For documentation on this error, please visit: http://seleniumhq.org/exceptions/no_such_element.html
Build info: version: &apos;3.0.1&apos;, revision: &apos;1969d75&apos;, time: &apos;2016-10-18 09:49:13 -0700&apos;
System info: host: &apos;BaharUddin&apos;, ip: &apos;192.168.1.41&apos;, os.name: &apos;Windows 8.1&apos;, os.arch: &apos;amd64&apos;, os.version: &apos;6.3&apos;, java.version: &apos;1.8.0_51&apos;
Driver info: org.openqa.selenium.firefox.FirefoxDriver
Capabilities [{rotatable=false, raisesAccessibilityExceptions=false, marionette=true, firefoxOptions={args=[], prefs={}}, appBuildId=20160922113459, moz:firefoxOptions={args=[], prefs={}}, version=, platform=XP, proxy={}, command_id=1, specificationLevel=0, acceptSslCerts=false, processId=7384, browserVersion=49.0.1, platformVersion=10.0, XULappId={ec8030f7-c20a-464f-9b0e-13a3a9e97384}, browserName=firefox, takesScreenshot=true, takesElementScreenshot=true, platformName=windows_nt, device=desktop}]
Session ID: 9a5de81e-a685-4ab6-900a-83eff3700498
*** Element info: {Using=xpath, value=/html/body/div/table/tbody/tr/td[2]/table/tbody/tr[4]/td/table/tbody/tr/td[2]/table/tbody/tr[5]/td/form/p/input}
	at sun.reflect.NativeConstructorAccessorImpl.newInstance0(Native Method)
	at sun.reflect.NativeConstructorAccessorImpl.newInstance(Unknown Source)
	at sun.reflect.DelegatingConstructorAccessorImpl.newInstance(Unknown Source)
	at java.lang.reflect.Constructor.newInstance(Unknown Source)
	at org.openqa.selenium.remote.http.W3CHttpResponseCodec.createException(W3CHttpResponseCodec.java:127)
	at org.openqa.selenium.remote.http.W3CHttpResponseCodec.decode(W3CHttpResponseCodec.java:93)
	at org.openqa.selenium.remote.http.W3CHttpResponseCodec.decode(W3CHttpResponseCodec.java:42)
	at org.openqa.selenium.remote.HttpCommandExecutor.execute(HttpCommandExecutor.java:163)
	at org.openqa.selenium.remote.service.DriverCommandExecutor.execute(DriverCommandExecutor.java:82)
	at org.openqa.selenium.remote.RemoteWebDriver.execute(RemoteWebDriver.java:601)
	at org.openqa.selenium.remote.RemoteWebDriver.findElement(RemoteWebDriver.java:368)
	at org.openqa.selenium.remote.RemoteWebDriver.findElementByXPath(RemoteWebDriver.java:473)
	at org.openqa.selenium.By$ByXPath.findElement(By.java:361)
	at org.openqa.selenium.remote.RemoteWebDriver.findElement(RemoteWebDriver.java:360)
	at com.bahar.automation.test.SelectFlightTest.selectFlightDetails(SelectFlightTest.java:29)
	at sun.reflect.NativeMethodAccessorImpl.invoke0(Native Method)
	at sun.reflect.NativeMethodAccessorImpl.invoke(Unknown Source)
	at sun.reflect.DelegatingMethodAccessorImpl.invoke(Unknown Source)
	at java.lang.reflect.Method.invoke(Unknown Source)
	at org.testng.internal.MethodInvocationHelper.invokeMethod(MethodInvocationHelper.java:80)
	at org.testng.internal.Invoker.invokeMethod(Invoker.java:714)
	at org.testng.internal.Invoker.invokeTestMethod(Invoker.java:901)
	at org.testng.internal.Invoker.invokeTestMethods(Invoker.java:1231)
	at org.testng.internal.TestMethodWorker.invokeTestMethods(TestMethodWorker.java:127)
	at org.testng.internal.TestMethodWorker.run(TestMethodWorker.java:111)
	at org.testng.TestRunner.privateRun(TestRunner.java:767)
	at org.testng.TestRunner.run(TestRunner.java:617)
	at org.testng.SuiteRunner.runTest(SuiteRunner.java:334)
	at org.testng.SuiteRunner.runSequentially(SuiteRunner.java:329)
	at org.testng.SuiteRunner.privateRun(SuiteRunner.java:291)
	at org.testng.SuiteRunner.run(SuiteRunner.java:240)
	at org.testng.SuiteRunnerWorker.runSuite(SuiteRunnerWorker.java:52)
	at org.testng.SuiteRunnerWorker.run(SuiteRunnerWorker.java:86)
	at org.testng.TestNG.runSuitesSequentially(TestNG.java:1198)
	at org.testng.TestNG.runSuitesLocally(TestNG.java:1123)
	at org.testng.TestNG.run(TestNG.java:1031)
	at org.testng.remote.AbstractRemoteTestNG.run(AbstractRemoteTestNG.java:132)
	at org.testng.remote.RemoteTestNG.initAndRun(RemoteTestNG.java:236)
	at org.testng.remote.RemoteTestNG.main(RemoteTestNG.java:81)
"</b><br>sun.reflect.NativeConstructorAccessorImpl.newInstance0(Native Method)<br>sun.reflect.NativeConstructorAccessorImpl.newInstance(Unknown Source)<br>sun.reflect.DelegatingConstructorAccessorImpl.newInstance(Unknown Source)<br>java.lang.reflect.Constructor.newInstance(Unknown Source)<br>org.openqa.selenium.remote.http.W3CHttpResponseCodec.createException(W3CHttpResponseCodec.java:127)<br>org.openqa.selenium.remote.http.W3CHttpResponseCodec.decode(W3CHttpResponseCodec.java:93)<br>org.openqa.selenium.remote.http.W3CHttpResponseCodec.decode(W3CHttpResponseCodec.java:42)<br>org.openqa.selenium.remote.HttpCommandExecutor.execute(HttpCommandExecutor.java:163)<br>org.openqa.selenium.remote.service.DriverCommandExecutor.execute(DriverCommandExecutor.java:82)<br>org.openqa.selenium.remote.RemoteWebDriver.execute(RemoteWebDriver.java:601)<br>org.openqa.selenium.remote.RemoteWebDriver.findElement(RemoteWebDriver.java:368)<br>org.openqa.selenium.remote.RemoteWebDriver.findElementByXPath(RemoteWebDriver.java:473)<br>org.openqa.selenium.By$ByXPath.findElement(By.java:361)<br>org.openqa.selenium.remote.RemoteWebDriver.findElement(RemoteWebDriver.java:360)<br>com.bahar.automation.test.SelectFlightTest.selectFlightDetails(SelectFlightTest.java:29)<br>sun.reflect.NativeMethodAccessorImpl.invoke0(Native Method)<br>sun.reflect.NativeMethodAccessorImpl.invoke(Unknown Source)<br>sun.reflect.DelegatingMethodAccessorImpl.invoke(Unknown Source)<br>java.lang.reflect.Method.invoke(Unknown Source)<br>org.testng.internal.MethodInvocationHelper.invokeMethod(MethodInvocationHelper.java:80)<br>org.testng.internal.Invoker.invokeMethod(Invoker.java:714)<br>org.testng.internal.Invoker.invokeTestMethod(Invoker.java:901)<br>org.testng.internal.Invoker.invokeTestMethods(Invoker.java:1231)<br>org.testng.internal.TestMethodWorker.invokeTestMethods(TestMethodWorker.java:127)<br>org.testng.internal.TestMethodWorker.run(TestMethodWorker.java:111)<br>org.testng.TestRunner.privateRun(TestRunner.java:767)<br>org.testng.TestRunner.run(TestRunner.java:617)<br>org.testng.SuiteRunner.runTest(SuiteRunner.java:334)<br>org.testng.SuiteRunner.runSequentially(SuiteRunner.java:329)<br>org.testng.SuiteRunner.privateRun(SuiteRunner.java:291)<br>org.testng.SuiteRunner.run(SuiteRunner.java:240)<br>org.testng.SuiteRunnerWorker.runSuite(SuiteRunnerWorker.java:52)<br>org.testng.SuiteRunnerWorker.run(SuiteRunnerWorker.java:86)<br>org.testng.TestNG.runSuitesSequentially(TestNG.java:1198)<br>org.testng.TestNG.runSuitesLocally(TestNG.java:1123)<br>org.testng.TestNG.run(TestNG.java:1031)<br>org.testng.remote.AbstractRemoteTestNG.run(AbstractRemoteTestNG.java:132)<br>org.testng.remote.RemoteTestNG.initAndRun(RemoteTestNG.java:236)<br>org.testng.remote.RemoteTestNG.main(RemoteTestNG.java:81)<br>
</div> <!-- stack-trace -->
                </div> <!-- method-content -->
              </div> <!-- method -->
            </div> <!-- main-panel-content rounded-window-bottom -->
          </div> <!-- suite-Suite1-class-failed -->
          <div class="suite-Suite1-class-passed">
            <div class="main-panel-header rounded-window-top">
              <img src="passed.png"/>
              <span class="class-name">com.bahar.automation.test.HomeTest</span>
            </div> <!-- main-panel-header rounded-window-top -->
            <div class="main-panel-content rounded-window-bottom">
              <div class="method">
                <div class="method-content">
                  <a name="checkLogin([Login [userName=demo, password=demo]])">
                  </a> <!-- checkLogin([Login [userName=demo, password=demo]]) -->
                  <span class="method-name">checkLogin</span>
                  <span class="parameters">([Login [userName=demo, password=demo]])</span>
                </div> <!-- method-content -->
              </div> <!-- method -->
              <div class="method">
                <div class="method-content">
                  <a name="checkMenu">
                  </a> <!-- checkMenu -->
                  <span class="method-name">checkMenu</span>
                </div> <!-- method-content -->
              </div> <!-- method -->
              <div class="method">
                <div class="method-content">
                  <a name="checkTitle">
                  </a> <!-- checkTitle -->
                  <span class="method-name">checkTitle</span>
                </div> <!-- method-content -->
              </div> <!-- method -->
            </div> <!-- main-panel-content rounded-window-bottom -->
          </div> <!-- suite-Suite1-class-passed -->
          <div class="suite-Suite1-class-passed">
            <div class="main-panel-header rounded-window-top">
              <img src="passed.png"/>
              <span class="class-name">com.bahar.automation.test.FindFlightTest</span>
            </div> <!-- main-panel-header rounded-window-top -->
            <div class="main-panel-content rounded-window-bottom">
              <div class="method">
                <div class="method-content">
                  <a name="checkFlightDetails">
                  </a> <!-- checkFlightDetails -->
                  <span class="method-name">checkFlightDetails</span>
                </div> <!-- method-content -->
              </div> <!-- method -->
              <div class="method">
                <div class="method-content">
                  <a name="checkTitle">
                  </a> <!-- checkTitle -->
                  <span class="method-name">checkTitle</span>
                </div> <!-- method-content -->
              </div> <!-- method -->
            </div> <!-- main-panel-content rounded-window-bottom -->
          </div> <!-- suite-Suite1-class-passed -->
          <div class="suite-Suite1-class-passed">
            <div class="main-panel-header rounded-window-top">
              <img src="passed.png"/>
              <span class="class-name">com.bahar.automation.test.BookFlightTest</span>
            </div> <!-- main-panel-header rounded-window-top -->
            <div class="main-panel-content rounded-window-bottom">
              <div class="method">
                <div class="method-content">
                  <a name="checkBookFlightDetails([Passenger [firstName=ruhan, lastName=uddin, meal=null, card=CreditCard [cardType=null, number=1.234...)">
                  </a> <!-- checkBookFlightDetails([Passenger [firstName=ruhan, lastName=uddin, meal=null, card=CreditCard [cardType=null, number=1.234...) -->
                  <span class="method-name">checkBookFlightDetails</span>
                  <span class="parameters">([Passenger [firstName=ruhan, lastName=uddin, meal=null, card=CreditCard [cardType=null, number=1.23456789E8, expirationMonth=null, expirationYear=null, firstName=ruhan, middleName=uddin, lastName=rahim], billingAddress=Address [address=1325 Dhaka, city=Dhaka, state=New York, postalCode=P4370, country=null], deliveryAddress=Address [address=1325 Chittagong, city=CTG, state=Dubai, postalCode=P4370, country=null]]])</span>
                </div> <!-- method-content -->
              </div> <!-- method -->
              <div class="method">
                <div class="method-content">
                  <a name="checkTitle">
                  </a> <!-- checkTitle -->
                  <span class="method-name">checkTitle</span>
                </div> <!-- method-content -->
              </div> <!-- method -->
            </div> <!-- main-panel-content rounded-window-bottom -->
          </div> <!-- suite-Suite1-class-passed -->
          <div class="suite-Suite1-class-passed">
            <div class="main-panel-header rounded-window-top">
              <img src="passed.png"/>
              <span class="class-name">com.bahar.automation.test.SelectFlightTest</span>
            </div> <!-- main-panel-header rounded-window-top -->
            <div class="main-panel-content rounded-window-bottom">
              <div class="method">
                <div class="method-content">
                  <a name="checkTitle">
                  </a> <!-- checkTitle -->
                  <span class="method-name">checkTitle</span>
                </div> <!-- method-content -->
              </div> <!-- method -->
            </div> <!-- main-panel-content rounded-window-bottom -->
          </div> <!-- suite-Suite1-class-passed -->
        </div> <!-- panel Suite1 -->
        <div panel-name="test-xml-Suite1" class="panel">
          <div class="main-panel-header rounded-window-top">
            <span class="header-content">D:\Dev\automation-selenium\src\main\java\suite.xml</span>
          </div> <!-- main-panel-header rounded-window-top -->
          <div class="main-panel-content rounded-window-bottom">
            <pre>
&lt;?xml version=&quot;1.0&quot; encoding=&quot;UTF-8&quot;?&gt;
&lt;!DOCTYPE suite SYSTEM &quot;http://testng.org/testng-1.0.dtd&quot;&gt;
&lt;suite thread-count=&quot;1&quot; name=&quot;Suite1&quot;&gt;
  &lt;test name=&quot;reservedFlight&quot;&gt;
    &lt;classes&gt;
      &lt;class name=&quot;com.bahar.automation.test.HomeTest&quot;/&gt;
      &lt;class name=&quot;com.bahar.automation.test.FindFlightTest&quot;/&gt;
      &lt;class name=&quot;com.bahar.automation.test.SelectFlightTest&quot;/&gt;
      &lt;class name=&quot;com.bahar.automation.test.BookFlightTest&quot;/&gt;
    &lt;/classes&gt;
  &lt;/test&gt; &lt;!-- reservedFlight --&gt;
&lt;/suite&gt; &lt;!-- Suite1 --&gt;
            </pre>
          </div> <!-- main-panel-content rounded-window-bottom -->
        </div> <!-- panel -->
        <div panel-name="testlist-Suite1" class="panel">
          <div class="main-panel-header rounded-window-top">
            <span class="header-content">Tests for Suite1</span>
          </div> <!-- main-panel-header rounded-window-top -->
          <div class="main-panel-content rounded-window-bottom">
            <ul>
              <li>
                <span class="test-name">reservedFlight (4 classes)</span>
              </li>
            </ul>
          </div> <!-- main-panel-content rounded-window-bottom -->
        </div> <!-- panel -->
        <div panel-name="group-Suite1" class="panel">
          <div class="main-panel-header rounded-window-top">
            <span class="header-content">Groups for Suite1</span>
          </div> <!-- main-panel-header rounded-window-top -->
          <div class="main-panel-content rounded-window-bottom">
          </div> <!-- main-panel-content rounded-window-bottom -->
        </div> <!-- panel -->
        <div panel-name="times-Suite1" class="panel">
          <div class="main-panel-header rounded-window-top">
            <span class="header-content">Times for Suite1</span>
          </div> <!-- main-panel-header rounded-window-top -->
          <div class="main-panel-content rounded-window-bottom">
            <div class="times-div">
              <script type="text/javascript">
suiteTableInitFunctions.push('tableData_Suite1');
function tableData_Suite1() {
var data = new google.visualization.DataTable();
data.addColumn('number', 'Number');
data.addColumn('string', 'Method');
data.addColumn('string', 'Class');
data.addColumn('number', 'Time (ms)');
data.addRows(9);
data.setCell(0, 0, 0)
data.setCell(0, 1, 'checkTitle')
data.setCell(0, 2, 'com.bahar.automation.test.BookFlightTest')
data.setCell(0, 3, 19844);
data.setCell(1, 0, 1)
data.setCell(1, 1, 'checkTitle')
data.setCell(1, 2, 'com.bahar.automation.test.HomeTest')
data.setCell(1, 3, 12459);
data.setCell(2, 0, 2)
data.setCell(2, 1, 'checkLogin')
data.setCell(2, 2, 'com.bahar.automation.test.HomeTest')
data.setCell(2, 3, 3300);
data.setCell(3, 0, 3)
data.setCell(3, 1, 'checkBookFlightDetails')
data.setCell(3, 2, 'com.bahar.automation.test.BookFlightTest')
data.setCell(3, 3, 3068);
data.setCell(4, 0, 4)
data.setCell(4, 1, 'checkTitle')
data.setCell(4, 2, 'com.bahar.automation.test.FindFlightTest')
data.setCell(4, 3, 2749);
data.setCell(5, 0, 5)
data.setCell(5, 1, 'checkFlightDetails')
data.setCell(5, 2, 'com.bahar.automation.test.FindFlightTest')
data.setCell(5, 3, 2206);
data.setCell(6, 0, 6)
data.setCell(6, 1, 'checkTitle')
data.setCell(6, 2, 'com.bahar.automation.test.SelectFlightTest')
data.setCell(6, 3, 748);
data.setCell(7, 0, 7)
data.setCell(7, 1, 'checkMenu')
data.setCell(7, 2, 'com.bahar.automation.test.HomeTest')
data.setCell(7, 3, 426);
data.setCell(8, 0, 8)
data.setCell(8, 1, 'selectFlightDetails')
data.setCell(8, 2, 'com.bahar.automation.test.SelectFlightTest')
data.setCell(8, 3, 207);
window.suiteTableData['Suite1']= { tableData: data, tableDiv: 'times-div-Suite1'}
return data;
}
              </script>
              <span class="suite-total-time">Total running time: 45 seconds</span>
              <div id="times-div-Suite1">
              </div> <!-- times-div-Suite1 -->
            </div> <!-- times-div -->
          </div> <!-- main-panel-content rounded-window-bottom -->
        </div> <!-- panel -->
        <div panel-name="reporter-Suite1" class="panel">
          <div class="main-panel-header rounded-window-top">
            <span class="header-content">Reporter output for Suite1</span>
          </div> <!-- main-panel-header rounded-window-top -->
          <div class="main-panel-content rounded-window-bottom">
          </div> <!-- main-panel-content rounded-window-bottom -->
        </div> <!-- panel -->
        <div panel-name="ignored-methods-Suite1" class="panel">
          <div class="main-panel-header rounded-window-top">
            <span class="header-content">0 ignored methods</span>
          </div> <!-- main-panel-header rounded-window-top -->
          <div class="main-panel-content rounded-window-bottom">
          </div> <!-- main-panel-content rounded-window-bottom -->
        </div> <!-- panel -->
        <div panel-name="chronological-Suite1" class="panel">
          <div class="main-panel-header rounded-window-top">
            <span class="header-content">Methods in chronological order</span>
          </div> <!-- main-panel-header rounded-window-top -->
          <div class="main-panel-content rounded-window-bottom">
            <div class="chronological-class">
              <div class="chronological-class-name">com.bahar.automation.test.HomeTest</div> <!-- chronological-class-name -->
              <div class="test-method">
                <span class="method-name">checkTitle</span>
                <span class="method-start">0 ms</span>
              </div> <!-- test-method -->
              <div class="test-method">
                <span class="method-name">checkMenu</span>
                <span class="method-start">12463 ms</span>
              </div> <!-- test-method -->
              <div class="test-method">
                <span class="method-name">checkLogin([Login [userName=demo, password=demo]])</span>
                <span class="method-start">14382 ms</span>
              </div> <!-- test-method -->
            </div> <!-- chronological-class -->
            <div class="chronological-class">
              <div class="chronological-class-name">com.bahar.automation.test.FindFlightTest</div> <!-- chronological-class-name -->
              <div class="test-method">
                <span class="method-name">checkTitle</span>
                <span class="method-start">17688 ms</span>
              </div> <!-- test-method -->
              <div class="test-method">
                <span class="method-name">checkFlightDetails</span>
                <span class="method-start">20439 ms</span>
              </div> <!-- test-method -->
            </div> <!-- chronological-class -->
            <div class="chronological-class">
              <div class="chronological-class-name">com.bahar.automation.test.SelectFlightTest</div> <!-- chronological-class-name -->
              <div class="test-method">
                <span class="method-name">checkTitle</span>
                <span class="method-start">22648 ms</span>
              </div> <!-- test-method -->
              <div class="test-method">
                <img src="failed.png">
                </img>
                <span class="method-name">selectFlightDetails</span>
                <span class="method-start">23401 ms</span>
              </div> <!-- test-method -->
            </div> <!-- chronological-class -->
            <div class="chronological-class">
              <div class="chronological-class-name">com.bahar.automation.test.BookFlightTest</div> <!-- chronological-class-name -->
              <div class="test-method">
                <span class="method-name">checkTitle</span>
                <span class="method-start">23635 ms</span>
              </div> <!-- test-method -->
              <div class="test-method">
                <span class="method-name">checkBookFlightDetails([Passenger [firstName=ruhan, lastName=uddin, meal=null, card=CreditCard [cardType=null, number=1.234...)</span>
                <span class="method-start">43623 ms</span>
              </div> <!-- test-method -->
          </div> <!-- main-panel-content rounded-window-bottom -->
        </div> <!-- panel -->
      </div> <!-- main-panel-root -->
    </div> <!-- wrapper -->
  </body>
</html>
